Using pre-set license
Built from '2022.3/staging' branch; Version is '2022.3.17f1 (4fc78088f837) revision 5228416'; Using compiler version '192829333'; Build Type 'Release'
OS: 'Windows 10  (10.0.19045) 64bit CoreSingleLanguage' Language: 'en' Physical Memory: 16221 MB
BatchMode: 1, IsHumanControllingUs: 0, StartBugReporterOnCrash: 0, Is64bit: 1, IsPro: 1

COMMAND LINE ARGUMENTS:
C:\Program Files\Unity\Hub\Editor\2022.3.17f1\Editor\Unity.exe
-adb2
-batchMode
-noUpm
-name
AssetImportWorker2
-projectPath
C:/Users/Asus/OneDrive/Documents/GitHub/major2/2d prac project
-logFile
Logs/AssetImportWorker2.log
-srvPort
54740
Successfully changed project path to: C:/Users/Asus/OneDrive/Documents/GitHub/major2/2d prac project
C:/Users/Asus/OneDrive/Documents/GitHub/major2/2d prac project
[UnityMemory] Configuration Parameters - Can be set up in boot.config
    "memorysetup-bucket-allocator-granularity=16"
    "memorysetup-bucket-allocator-bucket-count=8"
    "memorysetup-bucket-allocator-block-size=33554432"
    "memorysetup-bucket-allocator-block-count=8"
    "memorysetup-main-allocator-block-size=16777216"
    "memorysetup-thread-allocator-block-size=16777216"
    "memorysetup-gfx-main-allocator-block-size=16777216"
    "memorysetup-gfx-thread-allocator-block-size=16777216"
    "memorysetup-cache-allocator-block-size=4194304"
    "memorysetup-typetree-allocator-block-size=2097152"
    "memorysetup-profiler-bucket-allocator-granularity=16"
    "memorysetup-profiler-bucket-allocator-bucket-count=8"
    "memorysetup-profiler-bucket-allocator-block-size=33554432"
    "memorysetup-profiler-bucket-allocator-block-count=8"
    "memorysetup-profiler-allocator-block-size=16777216"
    "memorysetup-profiler-editor-allocator-block-size=1048576"
    "memorysetup-temp-allocator-size-main=16777216"
    "memorysetup-job-temp-allocator-block-size=2097152"
    "memorysetup-job-temp-allocator-block-size-background=1048576"
    "memorysetup-job-temp-allocator-reduction-small-platforms=262144"
    "memorysetup-allocator-temp-initial-block-size-main=262144"
    "memorysetup-allocator-temp-initial-block-size-worker=262144"
    "memorysetup-temp-allocator-size-background-worker=32768"
    "memorysetup-temp-allocator-size-job-worker=262144"
    "memorysetup-temp-allocator-size-preload-manager=33554432"
    "memorysetup-temp-allocator-size-nav-mesh-worker=65536"
    "memorysetup-temp-allocator-size-audio-worker=65536"
    "memorysetup-temp-allocator-size-cloud-worker=32768"
    "memorysetup-temp-allocator-size-gi-baking-worker=262144"
    "memorysetup-temp-allocator-size-gfx=262144"
Player connection [14976] Host "[IP] 192.168.0.115 [Port] 0 [Flags] 2 [Guid] 4208567291 [EditorId] 4208567291 [Version] 1048832 [Id] WindowsEditor(7,LAPTOP-CTRC2FEE) [Debug] 1 [PackageName] WindowsEditor [ProjectName] Editor" joined multi-casting on [225.0.0.222:54997]...

Player connection [14976] Host "[IP] 192.168.0.115 [Port] 0 [Flags] 2 [Guid] 4208567291 [EditorId] 4208567291 [Version] 1048832 [Id] WindowsEditor(7,LAPTOP-CTRC2FEE) [Debug] 1 [PackageName] WindowsEditor [ProjectName] Editor" joined alternative multi-casting on [225.0.0.222:34997]...

[Physics::Module] Initialized MultithreadedJobDispatcher with 7 workers.
Refreshing native plugins compatible for Editor in 36.11 ms, found 4 plugins.
Preloading 0 native plugins for Editor in 0.00 ms.
Initialize engine version: 2022.3.17f1 (4fc78088f837)
[Subsystems] Discovering subsystems at path C:/Program Files/Unity/Hub/Editor/2022.3.17f1/Editor/Data/Resources/UnitySubsystems
[Subsystems] Discovering subsystems at path C:/Users/Asus/OneDrive/Documents/GitHub/major2/2d prac project/Assets
GfxDevice: creating device client; threaded=0; jobified=0
Direct3D:
    Version:  Direct3D 11.0 [level 11.1]
    Renderer: NVIDIA GeForce GTX 1650 (ID=0x1f99)
    Vendor:   NVIDIA
    VRAM:     3962 MB
    Driver:   31.0.15.1691
Initialize mono
Mono path[0] = 'C:/Program Files/Unity/Hub/Editor/2022.3.17f1/Editor/Data/Managed'
Mono path[1] = 'C:/Program Files/Unity/Hub/Editor/2022.3.17f1/Editor/Data/MonoBleedingEdge/lib/mono/unityjit-win32'
Mono config path = 'C:/Program Files/Unity/Hub/Editor/2022.3.17f1/Editor/Data/MonoBleedingEdge/etc'
Using monoOptions --debugger-agent=transport=dt_socket,embedding=1,server=y,suspend=n,address=127.0.0.1:56228
Begin MonoManager ReloadAssembly
Registering precompiled unity dll's ...
Register platform support module: C:/Program Files/Unity/Hub/Editor/2022.3.17f1/Editor/Data/PlaybackEngines/WindowsStandaloneSupport/UnityEditor.WindowsStandalone.Extensions.dll
Registered in 0.013527 seconds.
- Loaded All Assemblies, in  0.382 seconds
Native extension for WindowsStandalone target not found
Mono: successfully reloaded assembly
- Finished resetting the current domain, in  0.264 seconds
Domain Reload Profiling: 643ms
	BeginReloadAssembly (123ms)
		ExecutionOrderSort (0ms)
		DisableScriptedObjects (0ms)
		BackupInstance (0ms)
		ReleaseScriptingObjects (0ms)
		CreateAndSetChildDomain (1ms)
	RebuildCommonClasses (34ms)
	RebuildNativeTypeToScriptingClass (11ms)
	initialDomainReloadingComplete (68ms)
	LoadAllAssembliesAndSetupDomain (142ms)
		LoadAssemblies (120ms)
		RebuildTransferFunctionScriptingTraits (0ms)
		AnalyzeDomain (140ms)
			TypeCache.Refresh (139ms)
				TypeCache.ScanAssembly (126ms)
			ScanForSourceGeneratedMonoScriptInfo (0ms)
			ResolveRequiredComponents (0ms)
	FinalizeReload (265ms)
		ReleaseScriptCaches (0ms)
		RebuildScriptCaches (0ms)
		SetupLoadedEditorAssemblies (207ms)
			LogAssemblyErrors (0ms)
			InitializePlatformSupportModulesInManaged (10ms)
			SetLoadedEditorAssemblies (7ms)
			RefreshPlugins (0ms)
			BeforeProcessingInitializeOnLoad (2ms)
			ProcessInitializeOnLoadAttributes (140ms)
			ProcessInitializeOnLoadMethodAttributes (47ms)
			AfterProcessingInitializeOnLoad (0ms)
			EditorAssembliesLoaded (0ms)
		ExecutionOrderSort2 (0ms)
		AwakeInstancesAfterBackupRestoration (0ms)
========================================================================
Worker process is ready to serve import requests
Begin MonoManager ReloadAssembly
- Loaded All Assemblies, in  0.719 seconds
Refreshing native plugins compatible for Editor in 7.61 ms, found 4 plugins.
Native extension for WindowsStandalone target not found
Package Manager log level set to [2]
[Package Manager] Server::EnsureServerProcessIsRunning -- launch failed, reason: Unity was launched with the -noUpm command-line argument
[Package Manager] UpmClient::Send -- Unable to send message (not connected to UPM process).
[Package Manager] Cannot connect to Unity Package Manager local server
Mono: successfully reloaded assembly
- Finished resetting the current domain, in  0.720 seconds
Domain Reload Profiling: 1432ms
	BeginReloadAssembly (146ms)
		ExecutionOrderSort (0ms)
		DisableScriptedObjects (6ms)
		BackupInstance (0ms)
		ReleaseScriptingObjects (0ms)
		CreateAndSetChildDomain (19ms)
	RebuildCommonClasses (33ms)
	RebuildNativeTypeToScriptingClass (10ms)
	initialDomainReloadingComplete (48ms)
	LoadAllAssembliesAndSetupDomain (475ms)
		LoadAssemblies (373ms)
		RebuildTransferFunctionScriptingTraits (0ms)
		AnalyzeDomain (190ms)
			TypeCache.Refresh (159ms)
				TypeCache.ScanAssembly (143ms)
			ScanForSourceGeneratedMonoScriptInfo (23ms)
			ResolveRequiredComponents (6ms)
	FinalizeReload (720ms)
		ReleaseScriptCaches (0ms)
		RebuildScriptCaches (0ms)
		SetupLoadedEditorAssemblies (547ms)
			LogAssemblyErrors (0ms)
			InitializePlatformSupportModulesInManaged (9ms)
			SetLoadedEditorAssemblies (6ms)
			RefreshPlugins (0ms)
			BeforeProcessingInitializeOnLoad (94ms)
			ProcessInitializeOnLoadAttributes (391ms)
			ProcessInitializeOnLoadMethodAttributes (36ms)
			AfterProcessingInitializeOnLoad (12ms)
			EditorAssembliesLoaded (0ms)
		ExecutionOrderSort2 (0ms)
		AwakeInstancesAfterBackupRestoration (7ms)
Launched and connected shader compiler UnityShaderCompiler.exe after 0.04 seconds
Refreshing native plugins compatible for Editor in 10.50 ms, found 4 plugins.
Preloading 0 native plugins for Editor in 0.00 ms.
Unloading 4707 Unused Serialized files (Serialized files now loaded: 0)
Unloading 85 unused Assets / (136.5 KB). Loaded Objects now: 5168.
Memory consumption went from 160.2 MB to 160.1 MB.
Total: 3.548000 ms (FindLiveObjects: 0.330500 ms CreateObjectMapping: 0.339900 ms MarkObjects: 2.703600 ms  DeleteObjects: 0.173400 ms)

AssetImportParameters requested are different than current active one (requested -> active):
  custom:container-demuxer-ogg: 62fdf1f143b41e24485cea50d1cbac27 -> 
  custom:video-codec-MediaFoundation-h265: 746d11721c4dcdbdad8f713fa42b33f4 -> 
  custom:video-decoder-ogg-theora: a1e56fd34408186e4bbccfd4996cb3dc -> 
  custom:framework-win-MediaFoundation: 216162199b28c13a410421893ffa2e32 -> 
  custom:CustomObjectIndexerAttribute: 6d391050e5a25f67b0a2c618074f2cd9 -> 
  custom:container-demuxer-webm: 4f35f7cbe854078d1ac9338744f61a02 -> 
  custom:container-muxer-webm: aa71ff27fc2769a1b78a27578f13a17b -> 
  custom:video-decoder-webm-vp8: 9c59270c3fd7afecdb556c50c9e8de78 -> 
  custom:SearchIndexIgnoredProperties: e643bd26f0fe6173181afceb89e7c659 -> 
  custom:AudioImporter_EditorPlatform: d09bf68614088b80899f8185d706f6e7 -> 
  custom:video-encoder-webm-vp8: eb34c28f22e8b96e1ab97ce403110664 -> 
  custom:audio-decoder-ogg-vorbis: bf7c407c2cedff20999df2af8eb42d56 -> 
  custom:audio-encoder-webm-vorbis: bf7c407c2cedff20999df2af8eb42d56 -> 
========================================================================
Received Import Request.
  Time since last request: 995132.432826 seconds.
  path: Assets/Imported/AstarPathfindingProject
  artifactKey: Guid(6942e1e80e8b54fde9147e843f1bec4f) Importer(815301076,1909f56bfc062723c751e8b465ee728b)
Start importing Assets/Imported/AstarPathfindingProject using Guid(6942e1e80e8b54fde9147e843f1bec4f) Importer(815301076,1909f56bfc062723c751e8b465ee728b)  -> (artifact id: '70d7a0b674878541fc62fe1a4a6be072') in 0.003469 seconds
Number of updated asset objects reloaded before import = 0
Number of asset objects unloaded after import = 0
========================================================================
Received Import Request.
  Time since last request: 0.639764 seconds.
  path: Assets/Imported/AstarPathfindingProject/AstarPathfindingProject.asmdef
  artifactKey: Guid(efa45043feb7e4147a305b73b5cea642) Importer(815301076,1909f56bfc062723c751e8b465ee728b)
Start importing Assets/Imported/AstarPathfindingProject/AstarPathfindingProject.asmdef using Guid(efa45043feb7e4147a305b73b5cea642) Importer(815301076,1909f56bfc062723c751e8b465ee728b)  -> (artifact id: '329d45d2e8e835fafd87476184d6b5a8') in 0.002291 seconds
Number of updated asset objects reloaded before import = 0
Number of asset objects unloaded after import = 0
========================================================================
Received Import Request.
  Time since last request: 3.618278 seconds.
  path: Assets/Imported/BayatGames
  artifactKey: Guid(c5184e2cafc1b944e9397623d0663c7d) Importer(815301076,1909f56bfc062723c751e8b465ee728b)
Start importing Assets/Imported/BayatGames using Guid(c5184e2cafc1b944e9397623d0663c7d) Importer(815301076,1909f56bfc062723c751e8b465ee728b)  -> (artifact id: 'ecea3104efaa83295cadccf57fc153bf') in 0.002621 seconds
Number of updated asset objects reloaded before import = 0
Number of asset objects unloaded after import = 0
========================================================================
Received Import Request.
  Time since last request: 2.303147 seconds.
  path: Assets/Imported/Gothicvania-Town
  artifactKey: Guid(95f9f63535ffcb4459d72402a2e3abf3) Importer(815301076,1909f56bfc062723c751e8b465ee728b)
Start importing Assets/Imported/Gothicvania-Town using Guid(95f9f63535ffcb4459d72402a2e3abf3) Importer(815301076,1909f56bfc062723c751e8b465ee728b)  -> (artifact id: 'fe5eb73673567af37625c5913450f5b6') in 0.002454 seconds
Number of updated asset objects reloaded before import = 0
Number of asset objects unloaded after import = 0
========================================================================
Received Import Request.
  Time since last request: 1.118671 seconds.
  path: Assets/Imported/Gothicvania-Town/Animations
  artifactKey: Guid(e59ce6be9c9dc4c6cb72dfa52d777230) Importer(815301076,1909f56bfc062723c751e8b465ee728b)
Start importing Assets/Imported/Gothicvania-Town/Animations using Guid(e59ce6be9c9dc4c6cb72dfa52d777230) Importer(815301076,1909f56bfc062723c751e8b465ee728b)  -> (artifact id: 'fc8e1faa336ad4c189cbef57945f5660') in 0.001718 seconds
Number of updated asset objects reloaded before import = 0
Number of asset objects unloaded after import = 0
========================================================================
Received Import Request.
  Time since last request: 2.781865 seconds.
  path: Assets/Imported/Gothicvania-Town/Art
  artifactKey: Guid(c2b75d76344fa4eb2a35e43ceff06d21) Importer(815301076,1909f56bfc062723c751e8b465ee728b)
Start importing Assets/Imported/Gothicvania-Town/Art using Guid(c2b75d76344fa4eb2a35e43ceff06d21) Importer(815301076,1909f56bfc062723c751e8b465ee728b)  -> (artifact id: 'a5c977d0655f7910ea7812e8a8e63860') in 0.001248 seconds
Number of updated asset objects reloaded before import = 0
Number of asset objects unloaded after import = 0
========================================================================
Received Import Request.
  Time since last request: 1.353490 seconds.
  path: Assets/Imported/Gothicvania-Town/Art/Environment
  artifactKey: Guid(cacac7448af584745afc5a19a0ece429) Importer(815301076,1909f56bfc062723c751e8b465ee728b)
Start importing Assets/Imported/Gothicvania-Town/Art/Environment using Guid(cacac7448af584745afc5a19a0ece429) Importer(815301076,1909f56bfc062723c751e8b465ee728b)  -> (artifact id: '2809bc04d4a2ac455a4fce49c0367275') in 0.002293 seconds
Number of updated asset objects reloaded before import = 0
Number of asset objects unloaded after import = 0
========================================================================
Received Import Request.
  Time since last request: 1.303753 seconds.
  path: Assets/Imported/Gothicvania-Town/Art/Environment/Background
  artifactKey: Guid(0a0c69cfa1c6a4b2e9a9d8148726cf78) Importer(815301076,1909f56bfc062723c751e8b465ee728b)
Start importing Assets/Imported/Gothicvania-Town/Art/Environment/Background using Guid(0a0c69cfa1c6a4b2e9a9d8148726cf78) Importer(815301076,1909f56bfc062723c751e8b465ee728b)  -> (artifact id: '7ddc5da443c7e0fff211b4d83ba1872f') in 0.002231 seconds
Number of updated asset objects reloaded before import = 0
Number of asset objects unloaded after import = 0
========================================================================
Received Import Request.
  Time since last request: 0.079168 seconds.
  path: Assets/Imported/Gothicvania-Town/Art/Environment/Background/background.png
  artifactKey: Guid(5680c1a9719b046e0bc08d861902f606) Importer(815301076,1909f56bfc062723c751e8b465ee728b)
Start importing Assets/Imported/Gothicvania-Town/Art/Environment/Background/background.png using Guid(5680c1a9719b046e0bc08d861902f606) Importer(815301076,1909f56bfc062723c751e8b465ee728b)  -> (artifact id: '8adb27c0ce545622adb35e20b4e76b28') in 0.184607 seconds
Number of updated asset objects reloaded before import = 0
Number of asset objects unloaded after import = 3
========================================================================
Received Import Request.
  Time since last request: 1178.986344 seconds.
  path: Assets/Imported/Gothicvania-Town/Art/Environment/props-sliced/barrel.png
  artifactKey: Guid(a29c023f27ad34e45852863a878d1984) Importer(815301076,1909f56bfc062723c751e8b465ee728b)
Start importing Assets/Imported/Gothicvania-Town/Art/Environment/props-sliced/barrel.png using Guid(a29c023f27ad34e45852863a878d1984) Importer(815301076,1909f56bfc062723c751e8b465ee728b)  -> (artifact id: '04114fb68de11a62168e688e3f4c1154') in 0.152788 seconds
Number of updated asset objects reloaded before import = 0
Number of asset objects unloaded after import = 3
========================================================================
Received Import Request.
  Time since last request: 0.000024 seconds.
  path: Assets/Imported/Gothicvania-Town/Art/Environment/props-sliced/house-a.png
  artifactKey: Guid(e34f46576eb1e4320b39165bb67ebbfc) Importer(815301076,1909f56bfc062723c751e8b465ee728b)
Start importing Assets/Imported/Gothicvania-Town/Art/Environment/props-sliced/house-a.png using Guid(e34f46576eb1e4320b39165bb67ebbfc) Importer(815301076,1909f56bfc062723c751e8b465ee728b)  -> (artifact id: 'c49d1dff5e53b1912f1dfbca44dddb52') in 0.041682 seconds
Number of updated asset objects reloaded before import = 0
Number of asset objects unloaded after import = 3
========================================================================
Received Import Request.
  Time since last request: 0.000020 seconds.
  path: Assets/Imported/Gothicvania-Town/Art/Environment/props-sliced/house-b.png
  artifactKey: Guid(fa534a63c52e442fab833f8c4c218610) Importer(815301076,1909f56bfc062723c751e8b465ee728b)
Start importing Assets/Imported/Gothicvania-Town/Art/Environment/props-sliced/house-b.png using Guid(fa534a63c52e442fab833f8c4c218610) Importer(815301076,1909f56bfc062723c751e8b465ee728b)  -> (artifact id: '871f86b0bb77d534e2d0adf0932aa304') in 0.031015 seconds
Number of updated asset objects reloaded before import = 0
Number of asset objects unloaded after import = 3
========================================================================
Received Import Request.
  Time since last request: 0.000020 seconds.
  path: Assets/Imported/Gothicvania-Town/Art/Environment/props-sliced/sign.png
  artifactKey: Guid(799dd867b58aa4efd917360b1747174a) Importer(815301076,1909f56bfc062723c751e8b465ee728b)
Start importing Assets/Imported/Gothicvania-Town/Art/Environment/props-sliced/sign.png using Guid(799dd867b58aa4efd917360b1747174a) Importer(815301076,1909f56bfc062723c751e8b465ee728b)  -> (artifact id: '949da6c1cae826e86e0bc214d7b408d3') in 0.032133 seconds
Number of updated asset objects reloaded before import = 0
Number of asset objects unloaded after import = 3
========================================================================
Received Import Request.
  Time since last request: 0.000030 seconds.
  path: Assets/Imported/Gothicvania-Town/Art/Environment/props-sliced/street-lamp.png
  artifactKey: Guid(4f21d02d3ca1c4521bbeffb4c158b72e) Importer(815301076,1909f56bfc062723c751e8b465ee728b)
Start importing Assets/Imported/Gothicvania-Town/Art/Environment/props-sliced/street-lamp.png using Guid(4f21d02d3ca1c4521bbeffb4c158b72e) Importer(815301076,1909f56bfc062723c751e8b465ee728b)  -> (artifact id: '7324773738c92fd5084abb260fb42d7d') in 0.029725 seconds
Number of updated asset objects reloaded before import = 0
Number of asset objects unloaded after import = 3
Editor requested this worker to shutdown with reason: Scaling down because of idle timeout
TcpMessagingSession - receive error: operation aborted. errorcode: 995, details: The I/O operation has been aborted because of either a thread exit or an application request.
AssetImportWorker is now disconnected from the server
Process exiting
Exiting without the bug reporter. Application will terminate with return code 0